amj
aen
ani
aop
bfl
bjz
bma
bho
bki
bea
bst
fut
dge
air
bwf
etz
cjm
ftb
cxp
asp
ezi
eha
chp
cqa
cxd
ffq
fcr
dtz
exz
fiw
ftd
feu
agg
aga
dkd
aaflv
aacyq
aaarl
aacjo
aafvm
aabql
aaeqg
aaenh
aafuc
aafvl
aaavw
aacuj
aabrz
aafxu
aafxr
aafzx
aafzv
aafzq
aafzt
aafzg
aafxk
aafxh
aacjq
aafyv
aafzf
aabvq
aabzq
aabzp
aabzn
aacgk
aacgf
aaefz
aaedq
aabtn
aacbo
aabtq
aaehw
aacfz
aaceq
aaekp
aaefq
aaekh
aaekv
aacdu
aabzw
aaefr
aaekq
aaeiq
aaehg
aaeov
aaeij
aacbx
aaekg
aacdq
aacfj
aaejm
aaejy
aaehp
aacbu
aacbj
aaehz
aaeod
aacgx
aacgw
aaejl
aacby
aaejq
aaekv
aaekq
aaekp
aafxu
aaczu
aaczr
aabrz
aadcu
aadqq
aadqo
aadqu
aaczw
aaczt
aaczq
aaeod
aaelv
aaelj
aaelq
aadqt
aafyv
aabtn
aaarl
aafck
aafbk
aafcq
aafcx
aafgp
aacoq
aabfj
aafbv
aafbu
aafby
aabwj
aafbp
aabxh
aabxe
aaeuv
aaeqg
aaevb
aabtq
aafzt
aafzf
aafzg
aadqf
aaedq
aadqh
aaeay
aadqz
aaeav
aafdw
aadfp
aadjq
aafxh
aafxe
aafxk
aafxr
aafxb
aafwx
aafwq
aafwg
aafwn
aafwc
aafwb
aafwf
aaezw
aaezv
aaezq
aafvl
aafvm
aafve
aaezm
aaezj
aafuc
aaeyj
aaezg
aaexd
aaeyb
aaarl
aadxl
aaarl
aabfj
aabjy
aabpv
aabqe
aabpu
aabql
aabrz
aabpz
aaclh
aabnv
aacqh
aacpz
aaclx
aaczu
aabkx
aacdq
aacbj
aaclp
aafwv
aafwp
aafwg
aafwc
aafwf
aafwb
aafve
aafvm
aacby
aafvl
aabpt
aacgx
aacgw
aacqf
aacqd
aadkq
aaehz
aacdu
aaehw
aafwn
aafwq
aafxb
aafwx
aafxe
aablc
aaclv
aafzx
aablt
aacoq
aabtn
aabtq
aacnv
aabzc
aabml
aaczr
aaczt
aabgz
aacpv
aafzv
aacqe
aafzg
aafzf
aafxh
aafyv
aafxk
